<?xml version="1.0" encoding="UTF-8"?>
<!-- Generated by org.testng.reporters.JUnitReportReporter -->
<testsuite hostname="DESKTOP-PS8N2BM" failures="0" tests="7" name="RealSeleniumTestng.Sampletestngproject" time="291.268" errors="0" timestamp="2024-04-13T15:32:33 IST" skipped="0">
  <testcase classname="RealSeleniumTestng.Sampletestngproject" name="verifyNumberofLinks" time="64.636"/>
  <system-out/>
  <testcase classname="RealSeleniumTestng.Sampletestngproject" name="VerifyLogo" time="27.578"/>
  <system-out/>
  <testcase classname="RealSeleniumTestng.Sampletestngproject" name="VerifyLogo" time="76.328"/>
  <system-out/>
  <testcase classname="RealSeleniumTestng.Sampletestngproject" name="verifyTitle" time="31.226"/>
  <system-out/>
  <testcase classname="RealSeleniumTestng.Sampletestngproject" name="VerifyLogin" time="26.522"/>
  <system-out/>
  <testcase classname="RealSeleniumTestng.Sampletestngproject" name="VerifyLogin" time="30.194"/>
  <system-out/>
  <testcase classname="RealSeleniumTestng.Sampletestngproject" name="VerifyLogin" time="34.784"/>
  <system-out/>
</testsuite> <!-- RealSeleniumTestng.Sampletestngproject -->
