<?xml version="1.0" encoding="UTF-8"?>
<!-- Generated by org.testng.reporters.JUnitReportReporter -->
<testsuite hostname="DESKTOP-PS8N2BM" failures="0" tests="4" name="DataDriven.TestngProject" time="0.070" errors="0" timestamp="2024-04-23T11:31:47 IST" skipped="0">
  <testcase classname="DataDriven.TestngProject" name="AdminBrokenLinks" time="0.023"/>
  <system-out/>
  <testcase classname="DataDriven.TestngProject" name="AdminLogin" time="0.005"/>
  <system-out/>
  <testcase classname="DataDriven.TestngProject" name="AdminLogin" time="0.040"/>
  <system-out/>
  <testcase classname="DataDriven.TestngProject" name="AdminLogin" time="0.002"/>
  <system-out/>
</testsuite> <!-- DataDriven.TestngProject -->
