<?xml version="1.0" encoding="UTF-8"?>
<!-- Generated by org.testng.reporters.JUnitReportReporter -->
<testsuite hostname="DESKTOP-PS8N2BM" failures="0" tests="1" name="DataDriven.TestngProject3" time="0.007" errors="0" timestamp="2024-04-12T17:34:29 IST" skipped="0">
  <testcase classname="DataDriven.TestngProject3" name="facultylogin" time="0.007"/>
  <system-out/>
</testsuite> <!-- DataDriven.TestngProject3 -->
